[09Apr2025 19:15:29.975] [main/INFO] [cpw.mods.modlauncher.Launcher/MODLAUNCHER]: ModLauncher running: args [--launchTarget, forgeserver, --fml.forgeVersion, 40.2.21, --fml.mcVersion, 1.18.2, --fml.forgeGroup, net.minecraftforge, --fml.mcpVersion, 20220404.173914, nogui]
[09Apr2025 19:15:29.979] [main/INFO] [cpw.mods.modlauncher.Launcher/MODLAUNCHER]: ModLauncher 9.1.3+9.1.3+main.9b69c82a starting: java version 17.0.14 by Ubuntu
[09Apr2025 19:15:30.118] [main/INFO] [optifine.OptiFineTransformationService/]: OptiFineTransformationService.onLoad
[09Apr2025 19:15:30.119] [main/INFO] [optifine.OptiFineTransformationService/]: OptiFine ZIP file URL: union:/workspaces/PeruCraftX/servidor_minecraft/mods/OptiFine-1.18.2_HD_U_H9_pre3.jar%2340!/
[09Apr2025 19:15:30.123] [main/INFO] [optifine.OptiFineTransformationService/]: OptiFine ZIP file: /workspaces/PeruCraftX/servidor_minecraft/mods/OptiFine-1.18.2_HD_U_H9_pre3.jar
[09Apr2025 19:15:30.125] [main/INFO] [optifine.OptiFineTransformer/]: Target.PRE_CLASS is available
[09Apr2025 19:15:30.182] [main/INFO] [mixin/]: SpongePowered MIXIN Subsystem Version=0.8.5 Source=union:/workspaces/PeruCraftX/servidor_minecraft/libraries/org/spongepowered/mixin/0.8.5/mixin-0.8.5.jar%2314!/ Service=ModLauncher Env=SERVER
[09Apr2025 19:15:30.191] [main/INFO] [optifine.OptiFineTransformationService/]: OptiFineTransformationService.initialize
[09Apr2025 19:15:30.648] [main/WARN] [net.minecraftforge.fml.loading.moddiscovery.ModFileParser/LOADING]: Mod file /workspaces/PeruCraftX/servidor_minecraft/libraries/net/minecraftforge/fmlcore/1.18.2-40.2.21/fmlcore-1.18.2-40.2.21.jar is missing mods.toml file
[09Apr2025 19:15:30.649] [main/WARN] [net.minecraftforge.fml.loading.moddiscovery.ModFileParser/LOADING]: Mod file /workspaces/PeruCraftX/servidor_minecraft/libraries/net/minecraftforge/javafmllanguage/1.18.2-40.2.21/javafmllanguage-1.18.2-40.2.21.jar is missing mods.toml file
[09Apr2025 19:15:30.650] [main/WARN] [net.minecraftforge.fml.loading.moddiscovery.ModFileParser/LOADING]: Mod file /workspaces/PeruCraftX/servidor_minecraft/libraries/net/minecraftforge/lowcodelanguage/1.18.2-40.2.21/lowcodelanguage-1.18.2-40.2.21.jar is missing mods.toml file
[09Apr2025 19:15:30.652] [main/WARN] [net.minecraftforge.fml.loading.moddiscovery.ModFileParser/LOADING]: Mod file /workspaces/PeruCraftX/servidor_minecraft/libraries/net/minecraftforge/mclanguage/1.18.2-40.2.21/mclanguage-1.18.2-40.2.21.jar is missing mods.toml file
[09Apr2025 19:15:30.786] [main/INFO] [net.minecraftforge.fml.loading.moddiscovery.JarInJarDependencyLocator/]: No dependencies to load found. Skipping!
[09Apr2025 19:15:31.418] [main/INFO] [optifine.OptiFineTransformationService/]: OptiFineTransformationService.transformers
[09Apr2025 19:15:31.429] [main/INFO] [optifine.OptiFineTransformer/]: Targets: 360
[09Apr2025 19:15:32.055] [main/INFO] [optifine.OptiFineTransformationService/]: additionalClassesLocator: [optifine., net.optifine.]
[09Apr2025 19:15:34.051] [main/INFO] [mixin/]: Compatibility level set to JAVA_17
[09Apr2025 19:15:34.300] [main/INFO] [mixin/]: Successfully loaded Mixin Connector [tictim.paraglider.MixinConnector]
[09Apr2025 19:15:34.302] [main/INFO] [cpw.mods.modlauncher.LaunchServiceHandler/MODLAUNCHER]: Launching target 'forgeserver' with arguments [nogui]
[09Apr2025 19:15:35.934] [main/FATAL] [cpw.mods.modlauncher.TransformerClassWriter/]: Failed to find class net/minecraft/client/renderer/texture/Tickable 
java.lang.ClassNotFoundException: net.minecraft.client.renderer.texture.Tickable
	at cpw.mods.cl.ModuleClassLoader.loadClass(ModuleClassLoader.java:141) ~[securejarhandler-1.0.8.jar:?]
	at java.lang.ClassLoader.loadClass(ClassLoader.java:525) ~[?:?]
	at java.lang.Class.forName0(Native Method) ~[?:?]
	at java.lang.Class.forName(Class.java:467) ~[?:?]
	at cpw.mods.modlauncher.TransformerClassWriter.computeHierarchyFromFile(TransformerClassWriter.java:157) ~[modlauncher-9.1.3.jar%235!/:?]
	at cpw.mods.modlauncher.TransformerClassWriter.computeHierarchy(TransformerClassWriter.java:112) ~[modlauncher-9.1.3.jar%235!/:?]
	at cpw.mods.modlauncher.TransformerClassWriter$SuperCollectingVisitor.lambda$visit$0(TransformerClassWriter.java:185) ~[modlauncher-9.1.3.jar%235!/:?]
	at java.util.Spliterators$ArraySpliterator.forEachRemaining(Spliterators.java:992) ~[?:?]
	at java.util.stream.ReferencePipeline$Head.forEach(ReferencePipeline.java:762) ~[?:?]
	at cpw.mods.modlauncher.TransformerClassWriter$SuperCollectingVisitor.visit(TransformerClassWriter.java:184) ~[modlauncher-9.1.3.jar%235!/:?]
	at org.objectweb.asm.tree.ClassNode.accept(ClassNode.java:388) ~[asm-tree-9.7.jar:?]
	at cpw.mods.modlauncher.TransformerClassWriter.computeHierarchy(TransformerClassWriter.java:99) ~[modlauncher-9.1.3.jar%235!/:?]
	at cpw.mods.modlauncher.TransformerClassWriter.getCommonSuperClass(TransformerClassWriter.java:59) ~[modlauncher-9.1.3.jar%235!/:?]
	at org.objectweb.asm.SymbolTable.addMergedType(SymbolTable.java:1264) ~[asm-9.7.jar:?]
	at org.objectweb.asm.Frame.merge(Frame.java:1311) ~[asm-9.7.jar:?]
	at org.objectweb.asm.Frame.merge(Frame.java:1208) ~[asm-9.7.jar:?]
	at org.objectweb.asm.MethodWriter.computeAllFrames(MethodWriter.java:1612) ~[asm-9.7.jar:?]
	at org.objectweb.asm.MethodWriter.visitMaxs(MethodWriter.java:1548) ~[asm-9.7.jar:?]
	at org.objectweb.asm.tree.MethodNode.accept(MethodNode.java:767) ~[asm-tree-9.7.jar:?]
	at org.objectweb.asm.tree.MethodNode.accept(MethodNode.java:647) ~[asm-tree-9.7.jar:?]
	at org.objectweb.asm.tree.ClassNode.accept(ClassNode.java:468) ~[asm-tree-9.7.jar:?]
	at cpw.mods.modlauncher.ClassTransformer.transform(ClassTransformer.java:133) ~[modlauncher-9.1.3.jar%235!/:?]
	at cpw.mods.modlauncher.TransformingClassLoader.maybeTransformClassBytes(TransformingClassLoader.java:50) ~[modlauncher-9.1.3.jar%235!/:?]
	at cpw.mods.cl.ModuleClassLoader.getMaybeTransformedClassBytes(ModuleClassLoader.java:250) ~[securejarhandler-1.0.8.jar:?]
	at cpw.mods.modlauncher.TransformingClassLoader.buildTransformedClassNodeFor(TransformingClassLoader.java:58) ~[modlauncher-9.1.3.jar%235!/:?]
	at cpw.mods.modlauncher.LaunchPluginHandler.lambda$announceLaunch$10(LaunchPluginHandler.java:100) ~[modlauncher-9.1.3.jar%235!/:?]
	at org.spongepowered.asm.launch.MixinLaunchPluginLegacy.getClassNode(MixinLaunchPluginLegacy.java:222) ~[mixin-0.8.5.jar%2314!/:0.8.5+Jenkins-b310.git-155314e6e91465dad727e621a569906a410cd6f4]
	at org.spongepowered.asm.launch.MixinLaunchPluginLegacy.getClassNode(MixinLaunchPluginLegacy.java:207) ~[mixin-0.8.5.jar%2314!/:0.8.5+Jenkins-b310.git-155314e6e91465dad727e621a569906a410cd6f4]
	at org.spongepowered.asm.mixin.transformer.ClassInfo.forName(ClassInfo.java:2005) ~[mixin-0.8.5.jar%2314!/:0.8.5+Jenkins-b310.git-155314e6e91465dad727e621a569906a410cd6f4]
	at org.spongepowered.asm.mixin.transformer.MixinInfo.getTargetClass(MixinInfo.java:1017) ~[mixin-0.8.5.jar%2314!/:0.8.5+Jenkins-b310.git-155314e6e91465dad727e621a569906a410cd6f4]
	at org.spongepowered.asm.mixin.transformer.MixinInfo.readTargetClasses(MixinInfo.java:1007) ~[mixin-0.8.5.jar%2314!/:0.8.5+Jenkins-b310.git-155314e6e91465dad727e621a569906a410cd6f4]
	at org.spongepowered.asm.mixin.transformer.MixinInfo.parseTargets(MixinInfo.java:895) ~[mixin-0.8.5.jar%2314!/:0.8.5+Jenkins-b310.git-155314e6e91465dad727e621a569906a410cd6f4]
	at org.spongepowered.asm.mixin.transformer.MixinConfig.prepareMixins(MixinConfig.java:867) ~[mixin-0.8.5.jar%2314!/:0.8.5+Jenkins-b310.git-155314e6e91465dad727e621a569906a410cd6f4]
	at org.spongepowered.asm.mixin.transformer.MixinConfig.postInitialise(MixinConfig.java:795) ~[mixin-0.8.5.jar%2314!/:0.8.5+Jenkins-b310.git-155314e6e91465dad727e621a569906a410cd6f4]
	at org.spongepowered.asm.mixin.transformer.MixinProcessor.prepareConfigs(MixinProcessor.java:567) ~[mixin-0.8.5.jar%2314!/:0.8.5+Jenkins-b310.git-155314e6e91465dad727e621a569906a410cd6f4]
	at org.spongepowered.asm.mixin.transformer.MixinProcessor.select(MixinProcessor.java:462) ~[mixin-0.8.5.jar%2314!/:0.8.5+Jenkins-b310.git-155314e6e91465dad727e621a569906a410cd6f4]
	at org.spongepowered.asm.mixin.transformer.MixinProcessor.checkSelect(MixinProcessor.java:438) ~[mixin-0.8.5.jar%2314!/:0.8.5+Jenkins-b310.git-155314e6e91465dad727e621a569906a410cd6f4]
	at org.spongepowered.asm.mixin.transformer.MixinProcessor.applyMixins(MixinProcessor.java:290) ~[mixin-0.8.5.jar%2314!/:0.8.5+Jenkins-b310.git-155314e6e91465dad727e621a569906a410cd6f4]
	at org.spongepowered.asm.mixin.transformer.MixinTransformer.transformClass(MixinTransformer.java:250) ~[mixin-0.8.5.jar%2314!/:0.8.5+Jenkins-b310.git-155314e6e91465dad727e621a569906a410cd6f4]
	at org.spongepowered.asm.service.modlauncher.MixinTransformationHandler.processClass(MixinTransformationHandler.java:131) ~[mixin-0.8.5.jar%2314!/:0.8.5+Jenkins-b310.git-155314e6e91465dad727e621a569906a410cd6f4]
	at org.spongepowered.asm.launch.MixinLaunchPluginLegacy.processClass(MixinLaunchPluginLegacy.java:131) ~[mixin-0.8.5.jar%2314!/:0.8.5+Jenkins-b310.git-155314e6e91465dad727e621a569906a410cd6f4]
	at cpw.mods.modlauncher.serviceapi.ILaunchPluginService.processClassWithFlags(ILaunchPluginService.java:156) ~[modlauncher-9.1.3.jar%235!/:9.1.3+9.1.3+main.9b69c82a]
	at cpw.mods.modlauncher.LaunchPluginHandler.offerClassNodeToPlugins(LaunchPluginHandler.java:88) ~[modlauncher-9.1.3.jar%235!/:?]
	at cpw.mods.modlauncher.ClassTransformer.transform(ClassTransformer.java:120) ~[modlauncher-9.1.3.jar%235!/:?]
	at cpw.mods.modlauncher.TransformingClassLoader.maybeTransformClassBytes(TransformingClassLoader.java:50) ~[modlauncher-9.1.3.jar%235!/:?]
	at cpw.mods.cl.ModuleClassLoader.readerToClass(ModuleClassLoader.java:113) ~[securejarhandler-1.0.8.jar:?]
	at cpw.mods.cl.ModuleClassLoader.lambda$findClass$15(ModuleClassLoader.java:219) ~[securejarhandler-1.0.8.jar:?]
	at cpw.mods.cl.ModuleClassLoader.loadFromModule(ModuleClassLoader.java:229) ~[securejarhandler-1.0.8.jar:?]
	at cpw.mods.cl.ModuleClassLoader.findClass(ModuleClassLoader.java:219) ~[securejarhandler-1.0.8.jar:?]
	at java.lang.ClassLoader.loadClass(ClassLoader.java:637) ~[?:?]
	at java.lang.Class.forName(Class.java:545) ~[?:?]
	at net.minecraftforge.fml.loading.targets.CommonServerLaunchHandler.lambda$launchService$0(CommonServerLaunchHandler.java:32) ~[fmlloader-1.18.2-40.2.21.jar%2318!/:?]
	at cpw.mods.modlauncher.LaunchServiceHandlerDecorator.launch(LaunchServiceHandlerDecorator.java:37) [modlauncher-9.1.3.jar%235!/:?]
	at cpw.mods.modlauncher.LaunchServiceHandler.launch(LaunchServiceHandler.java:53) [modlauncher-9.1.3.jar%235!/:?]
	at cpw.mods.modlauncher.LaunchServiceHandler.launch(LaunchServiceHandler.java:71) [modlauncher-9.1.3.jar%235!/:?]
	at cpw.mods.modlauncher.Launcher.run(Launcher.java:106) [modlauncher-9.1.3.jar%235!/:?]
	at cpw.mods.modlauncher.Launcher.main(Launcher.java:77) [modlauncher-9.1.3.jar%235!/:?]
	at cpw.mods.modlauncher.BootstrapLaunchConsumer.accept(BootstrapLaunchConsumer.java:26) [modlauncher-9.1.3.jar%235!/:?]
	at cpw.mods.modlauncher.BootstrapLaunchConsumer.accept(BootstrapLaunchConsumer.java:23) [modlauncher-9.1.3.jar%235!/:?]
	at cpw.mods.bootstraplauncher.BootstrapLauncher.main(BootstrapLauncher.java:149) [bootstraplauncher-1.0.0.jar:?]
	Suppressed: java.lang.ClassNotFoundException: net.minecraft.client.renderer.texture.Tickable
		at cpw.mods.cl.ModuleClassLoader.getMaybeTransformedClassBytes(ModuleClassLoader.java:252) ~[securejarhandler-1.0.8.jar:?]
		at cpw.mods.modlauncher.TransformingClassLoader.buildTransformedClassNodeFor(TransformingClassLoader.java:58) ~[modlauncher-9.1.3.jar%235!/:?]
		at cpw.mods.modlauncher.TransformerClassWriter.computeHierarchyFromFile(TransformerClassWriter.java:149) ~[modlauncher-9.1.3.jar%235!/:?]
		at cpw.mods.modlauncher.TransformerClassWriter.computeHierarchy(TransformerClassWriter.java:112) ~[modlauncher-9.1.3.jar%235!/:?]
		at cpw.mods.modlauncher.TransformerClassWriter$SuperCollectingVisitor.lambda$visit$0(TransformerClassWriter.java:185) ~[modlauncher-9.1.3.jar%235!/:?]
		at java.util.Spliterators$ArraySpliterator.forEachRemaining(Spliterators.java:992) ~[?:?]
		at java.util.stream.ReferencePipeline$Head.forEach(ReferencePipeline.java:762) ~[?:?]
		at cpw.mods.modlauncher.TransformerClassWriter$SuperCollectingVisitor.visit(TransformerClassWriter.java:184) ~[modlauncher-9.1.3.jar%235!/:?]
		at org.objectweb.asm.tree.ClassNode.accept(ClassNode.java:388) ~[asm-tree-9.7.jar:?]
		at cpw.mods.modlauncher.TransformerClassWriter.computeHierarchy(TransformerClassWriter.java:99) ~[modlauncher-9.1.3.jar%235!/:?]
		at cpw.mods.modlauncher.TransformerClassWriter.getCommonSuperClass(TransformerClassWriter.java:59) ~[modlauncher-9.1.3.jar%235!/:?]
		at org.objectweb.asm.SymbolTable.addMergedType(SymbolTable.java:1264) ~[asm-9.7.jar:?]
		at org.objectweb.asm.Frame.merge(Frame.java:1311) ~[asm-9.7.jar:?]
		at org.objectweb.asm.Frame.merge(Frame.java:1208) ~[asm-9.7.jar:?]
		at org.objectweb.asm.MethodWriter.computeAllFrames(MethodWriter.java:1612) ~[asm-9.7.jar:?]
		at org.objectweb.asm.MethodWriter.visitMaxs(MethodWriter.java:1548) ~[asm-9.7.jar:?]
		at org.objectweb.asm.tree.MethodNode.accept(MethodNode.java:767) ~[asm-tree-9.7.jar:?]
		at org.objectweb.asm.tree.MethodNode.accept(MethodNode.java:647) ~[asm-tree-9.7.jar:?]
		at org.objectweb.asm.tree.ClassNode.accept(ClassNode.java:468) ~[asm-tree-9.7.jar:?]
		at cpw.mods.modlauncher.ClassTransformer.transform(ClassTransformer.java:133) ~[modlauncher-9.1.3.jar%235!/:?]
		at cpw.mods.modlauncher.TransformingClassLoader.maybeTransformClassBytes(TransformingClassLoader.java:50) ~[modlauncher-9.1.3.jar%235!/:?]
		at cpw.mods.cl.ModuleClassLoader.getMaybeTransformedClassBytes(ModuleClassLoader.java:250) ~[securejarhandler-1.0.8.jar:?]
		at cpw.mods.modlauncher.TransformingClassLoader.buildTransformedClassNodeFor(TransformingClassLoader.java:58) ~[modlauncher-9.1.3.jar%235!/:?]
		at cpw.mods.modlauncher.LaunchPluginHandler.lambda$announceLaunch$10(LaunchPluginHandler.java:100) ~[modlauncher-9.1.3.jar%235!/:?]
		at org.spongepowered.asm.launch.MixinLaunchPluginLegacy.getClassNode(MixinLaunchPluginLegacy.java:222) ~[mixin-0.8.5.jar%2314!/:0.8.5+Jenkins-b310.git-155314e6e91465dad727e621a569906a410cd6f4]
		at org.spongepowered.asm.launch.MixinLaunchPluginLegacy.getClassNode(MixinLaunchPluginLegacy.java:207) ~[mixin-0.8.5.jar%2314!/:0.8.5+Jenkins-b310.git-155314e6e91465dad727e621a569906a410cd6f4]
		at org.spongepowered.asm.mixin.transformer.ClassInfo.forName(ClassInfo.java:2005) ~[mixin-0.8.5.jar%2314!/:0.8.5+Jenkins-b310.git-155314e6e91465dad727e621a569906a410cd6f4]
		at org.spongepowered.asm.mixin.transformer.MixinInfo.getTargetClass(MixinInfo.java:1017) ~[mixin-0.8.5.jar%2314!/:0.8.5+Jenkins-b310.git-155314e6e91465dad727e621a569906a410cd6f4]
		at org.spongepowered.asm.mixin.transformer.MixinInfo.readTargetClasses(MixinInfo.java:1007) ~[mixin-0.8.5.jar%2314!/:0.8.5+Jenkins-b310.git-155314e6e91465dad727e621a569906a410cd6f4]
		at org.spongepowered.asm.mixin.transformer.MixinInfo.parseTargets(MixinInfo.java:895) ~[mixin-0.8.5.jar%2314!/:0.8.5+Jenkins-b310.git-155314e6e91465dad727e621a569906a410cd6f4]
		at org.spongepowered.asm.mixin.transformer.MixinConfig.prepareMixins(MixinConfig.java:867) ~[mixin-0.8.5.jar%2314!/:0.8.5+Jenkins-b310.git-155314e6e91465dad727e621a569906a410cd6f4]
		at org.spongepowered.asm.mixin.transformer.MixinConfig.postInitialise(MixinConfig.java:795) ~[mixin-0.8.5.jar%2314!/:0.8.5+Jenkins-b310.git-155314e6e91465dad727e621a569906a410cd6f4]
		at org.spongepowered.asm.mixin.transformer.MixinProcessor.prepareConfigs(MixinProcessor.java:567) ~[mixin-0.8.5.jar%2314!/:0.8.5+Jenkins-b310.git-155314e6e91465dad727e621a569906a410cd6f4]
		at org.spongepowered.asm.mixin.transformer.MixinProcessor.select(MixinProcessor.java:462) ~[mixin-0.8.5.jar%2314!/:0.8.5+Jenkins-b310.git-155314e6e91465dad727e621a569906a410cd6f4]
		at org.spongepowered.asm.mixin.transformer.MixinProcessor.checkSelect(MixinProcessor.java:438) ~[mixin-0.8.5.jar%2314!/:0.8.5+Jenkins-b310.git-155314e6e91465dad727e621a569906a410cd6f4]
		at org.spongepowered.asm.mixin.transformer.MixinProcessor.applyMixins(MixinProcessor.java:290) ~[mixin-0.8.5.jar%2314!/:0.8.5+Jenkins-b310.git-155314e6e91465dad727e621a569906a410cd6f4]
		at org.spongepowered.asm.mixin.transformer.MixinTransformer.transformClass(MixinTransformer.java:250) ~[mixin-0.8.5.jar%2314!/:0.8.5+Jenkins-b310.git-155314e6e91465dad727e621a569906a410cd6f4]
		at org.spongepowered.asm.service.modlauncher.MixinTransformationHandler.processClass(MixinTransformationHandler.java:131) ~[mixin-0.8.5.jar%2314!/:0.8.5+Jenkins-b310.git-155314e6e91465dad727e621a569906a410cd6f4]
		at org.spongepowered.asm.launch.MixinLaunchPluginLegacy.processClass(MixinLaunchPluginLegacy.java:131) ~[mixin-0.8.5.jar%2314!/:0.8.5+Jenkins-b310.git-155314e6e91465dad727e621a569906a410cd6f4]
		at cpw.mods.modlauncher.serviceapi.ILaunchPluginService.processClassWithFlags(ILaunchPluginService.java:156) ~[modlauncher-9.1.3.jar%235!/:9.1.3+9.1.3+main.9b69c82a]
		at cpw.mods.modlauncher.LaunchPluginHandler.offerClassNodeToPlugins(LaunchPluginHandler.java:88) ~[modlauncher-9.1.3.jar%235!/:?]
		at cpw.mods.modlauncher.ClassTransformer.transform(ClassTransformer.java:120) ~[modlauncher-9.1.3.jar%235!/:?]
		at cpw.mods.modlauncher.TransformingClassLoader.maybeTransformClassBytes(TransformingClassLoader.java:50) ~[modlauncher-9.1.3.jar%235!/:?]
		at cpw.mods.cl.ModuleClassLoader.readerToClass(ModuleClassLoader.java:113) ~[securejarhandler-1.0.8.jar:?]
		at cpw.mods.cl.ModuleClassLoader.lambda$findClass$15(ModuleClassLoader.java:219) ~[securejarhandler-1.0.8.jar:?]
		at cpw.mods.cl.ModuleClassLoader.loadFromModule(ModuleClassLoader.java:229) ~[securejarhandler-1.0.8.jar:?]
		at cpw.mods.cl.ModuleClassLoader.findClass(ModuleClassLoader.java:219) ~[securejarhandler-1.0.8.jar:?]
		at java.lang.ClassLoader.loadClass(ClassLoader.java:637) ~[?:?]
		at java.lang.Class.forName(Class.java:545) ~[?:?]
		at net.minecraftforge.fml.loading.targets.CommonServerLaunchHandler.lambda$launchService$0(CommonServerLaunchHandler.java:32) ~[fmlloader-1.18.2-40.2.21.jar%2318!/:?]
		at cpw.mods.modlauncher.LaunchServiceHandlerDecorator.launch(LaunchServiceHandlerDecorator.java:37) [modlauncher-9.1.3.jar%235!/:?]
		at cpw.mods.modlauncher.LaunchServiceHandler.launch(LaunchServiceHandler.java:53) [modlauncher-9.1.3.jar%235!/:?]
		at cpw.mods.modlauncher.LaunchServiceHandler.launch(LaunchServiceHandler.java:71) [modlauncher-9.1.3.jar%235!/:?]
		at cpw.mods.modlauncher.Launcher.run(Launcher.java:106) [modlauncher-9.1.3.jar%235!/:?]
		at cpw.mods.modlauncher.Launcher.main(Launcher.java:77) [modlauncher-9.1.3.jar%235!/:?]
		at cpw.mods.modlauncher.BootstrapLaunchConsumer.accept(BootstrapLaunchConsumer.java:26) [modlauncher-9.1.3.jar%235!/:?]
		at cpw.mods.modlauncher.BootstrapLaunchConsumer.accept(BootstrapLaunchConsumer.java:23) [modlauncher-9.1.3.jar%235!/:?]
		at cpw.mods.bootstraplauncher.BootstrapLauncher.main(BootstrapLauncher.java:149) [bootstraplauncher-1.0.0.jar:?]
[09Apr2025 19:15:35.946] [main/WARN] [mixin/]: Error loading class: net/minecraft/client/renderer/texture/TextureAtlas (java.lang.RuntimeException: Cannot find class net/minecraft/client/renderer/texture/Tickable)
[09Apr2025 19:15:35.946] [main/WARN] [mixin/]: @Mixin target net.minecraft.client.renderer.texture.TextureAtlas was not found fusion.mixins.json:modernfix.TextureAtlasMixinModernFix
